# JRE version: OpenJDK Runtime Environment (22.0) (build 22)
# Java VM: OpenJDK 64-Bit Server VM (22, mixed mode, sharing, tiered, compressed oops, compressed class ptrs, g1 gc, linux-amd64)
GC Precious Log:
 CardTable entry size: 512
 Card Set container configuration: InlinePtr #cards 4 size 8 Array Of Cards #cards 32 size 80 Howl #buckets 8 coarsen threshold 7372 Howl Bitmap #cards 1024 size 144 coarsen threshold 921 Card regions per heap region 1 cards per card region 8192
 CPUs: 10 total, 10 available
 Memory: 17966M
 Large Page Support: Disabled
 NUMA Support: Disabled
 Compressed Oops: Enabled (Zero based)
 Heap Region Size: 4M
 Heap Min Capacity: 8M
 Heap Initial Capacity: 284M
 Heap Max Capacity: 4492M
 Pre-touch: Disabled
 Parallel Workers: 9
 Concurrent Workers: 2
 Concurrent Refinement Workers: 9
 Periodic GC: Disabled
Heap:
 garbage-first heap   total reserved 4599808K, committed 2191360K, used 1500032K [0x00000006e7400000, 0x0000000800000000)
  region size 4096K, 57 young (233472K), 10 survivors (40960K)
 Metaspace       used 97879K, committed 99904K, reserved 1179648K
  class space    used 9993K, committed 10944K, reserved 1048576K
GC Heap History (20 events):
Event: 4876,741 GC heap before
{Heap before GC invocations=137 (full 0):
 garbage-first heap   total reserved 4599808K, committed 2117632K, used 1970348K [0x00000006e7400000, 0x0000000800000000)
  region size 4096K, 188 young (770048K), 8 survivors (32768K)
 Metaspace       used 97621K, committed 99904K, reserved 1179648K
  class space    used 9989K, committed 10944K, reserved 1048576K
}
Event: 4876,757 GC heap after
{Heap after GC invocations=138 (full 0):
 garbage-first heap   total reserved 4599808K, committed 2117632K, used 1269784K [0x00000006e7400000, 0x0000000800000000)
  region size 4096K, 17 young (69632K), 17 survivors (69632K)
 Metaspace       used 97621K, committed 99904K, reserved 1179648K
  class space    used 9989K, committed 10944K, reserved 1048576K
}
Event: 4888,492 GC heap before
{Heap before GC invocations=139 (full 0):
 garbage-first heap   total reserved 4599808K, committed 2125824K, used 1933336K [0x00000006e7400000, 0x0000000800000000)
  region size 4096K, 179 young (733184K), 17 survivors (69632K)
 Metaspace       used 97661K, committed 99904K, reserved 1179648K
  class space    used 9990K, committed 10944K, reserved 1048576K
}
Event: 4888,505 GC heap after
{Heap after GC invocations=140 (full 0):
 garbage-first heap   total reserved 4599808K, committed 2125824K, used 1248587K [0x00000006e7400000, 0x0000000800000000)
  region size 4096K, 7 young (28672K), 7 survivors (28672K)
 Metaspace       used 97661K, committed 99904K, reserved 1179648K
  class space    used 9990K, committed 10944K, reserved 1048576K
}
Event: 4935,088 GC heap before
{Heap before GC invocations=140 (full 0):
 garbage-first heap   total reserved 4599808K, committed 2125824K, used 1985867K [0x00000006e7400000, 0x0000000800000000)
  region size 4096K, 187 young (765952K), 7 survivors (28672K)
 Metaspace       used 97695K, committed 99904K, reserved 1179648K
  class space    used 9991K, committed 10944K, reserved 1048576K
}
Event: 4935,111 GC heap after
{Heap after GC invocations=141 (full 0):
 garbage-first heap   total reserved 4599808K, committed 2125824K, used 1256262K [0x00000006e7400000, 0x0000000800000000)
  region size 4096K, 12 young (49152K), 12 survivors (49152K)
 Metaspace       used 97695K, committed 99904K, reserved 1179648K
  class space    used 9991K, committed 10944K, reserved 1048576K
}
Event: 4944,778 GC heap before
{Heap before GC invocations=141 (full 0):
 garbage-first heap   total reserved 4599808K, committed 2125824K, used 1960774K [0x00000006e7400000, 0x0000000800000000)
  region size 4096K, 184 young (753664K), 12 survivors (49152K)
 Metaspace       used 97712K, committed 99904K, reserved 1179648K
  class space    used 9991K, committed 10944K, reserved 1048576K
}
Event: 4944,789 GC heap after
{Heap after GC invocations=142 (full 0):
 garbage-first heap   total reserved 4599808K, committed 2125824K, used 1268877K [0x00000006e7400000, 0x0000000800000000)
  region size 4096K, 15 young (61440K), 15 survivors (61440K)
 Metaspace       used 97712K, committed 99904K, reserved 1179648K
  class space    used 9991K, committed 10944K, reserved 1048576K
}
Event: 4990,800 GC heap before
{Heap before GC invocations=143 (full 0):
 garbage-first heap   total reserved 4599808K, committed 2125824K, used 1948813K [0x00000006e7400000, 0x0000000800000000)
  region size 4096K, 181 young (741376K), 15 survivors (61440K)
 Metaspace       used 97730K, committed 99904K, reserved 1179648K
  class space    used 9991K, committed 10944K, reserved 1048576K
}
Event: 4990,821 GC heap after
{Heap after GC invocations=144 (full 0):
 garbage-first heap   total reserved 4599808K, committed 2125824K, used 1298207K [0x00000006e7400000, 0x0000000800000000)
  region size 4096K, 16 young (65536K), 16 survivors (65536K)
 Metaspace       used 97730K, committed 99904K, reserved 1179648K
  class space    used 9991K, committed 10944K, reserved 1048576K
}
Event: 5022,294 GC heap before
{Heap before GC invocations=144 (full 0):
 garbage-first heap   total reserved 4599808K, committed 2125824K, used 1945375K [0x00000006e7400000, 0x0000000800000000)
  region size 4096K, 174 young (712704K), 16 survivors (65536K)
 Metaspace       used 97744K, committed 99904K, reserved 1179648K
  class space    used 9991K, committed 10944K, reserved 1048576K
}
Event: 5022,315 GC heap after
{Heap after GC invocations=145 (full 0):
 garbage-first heap   total reserved 4599808K, committed 2125824K, used 1291439K [0x00000006e7400000, 0x0000000800000000)
  region size 4096K, 11 young (45056K), 11 survivors (45056K)
 Metaspace       used 97744K, committed 99904K, reserved 1179648K
  class space    used 9991K, committed 10944K, reserved 1048576K
}
Event: 5033,405 GC heap before
{Heap before GC invocations=145 (full 0):
 garbage-first heap   total reserved 4599808K, committed 2125824K, used 1967279K [0x00000006e7400000, 0x0000000800000000)
  region size 4096K, 176 young (720896K), 11 survivors (45056K)
 Metaspace       used 97781K, committed 99904K, reserved 1179648K
  class space    used 9991K, committed 10944K, reserved 1048576K
}
Event: 5033,419 GC heap after
{Heap after GC invocations=146 (full 0):
 garbage-first heap   total reserved 4599808K, committed 2125824K, used 1312095K [0x00000006e7400000, 0x0000000800000000)
  region size 4096K, 16 young (65536K), 16 survivors (65536K)
 Metaspace       used 97781K, committed 99904K, reserved 1179648K
  class space    used 9991K, committed 10944K, reserved 1048576K
}
Event: 5042,745 GC heap before
{Heap before GC invocations=147 (full 0):
 garbage-first heap   total reserved 4599808K, committed 2191360K, used 1942879K [0x00000006e7400000, 0x0000000800000000)
  region size 4096K, 170 young (696320K), 16 survivors (65536K)
 Metaspace       used 97799K, committed 99904K, reserved 1179648K
  class space    used 9993K, committed 10944K, reserved 1048576K
}
Event: 5042,764 GC heap after
{Heap after GC invocations=148 (full 0):
 garbage-first heap   total reserved 4599808K, committed 2191360K, used 1304908K [0x00000006e7400000, 0x0000000800000000)
  region size 4096K, 11 young (45056K), 11 survivors (45056K)
 Metaspace       used 97799K, committed 99904K, reserved 1179648K
  class space    used 9993K, committed 10944K, reserved 1048576K
}
Event: 5044,154 GC heap before
{Heap before GC invocations=148 (full 0):
 garbage-first heap   total reserved 4599808K, committed 2191360K, used 2029900K [0x00000006e7400000, 0x0000000800000000)
  region size 4096K, 188 young (770048K), 11 survivors (45056K)
 Metaspace       used 97847K, committed 99904K, reserved 1179648K
  class space    used 9993K, committed 10944K, reserved 1048576K
}
Event: 5044,174 GC heap after
{Heap after GC invocations=149 (full 0):
 garbage-first heap   total reserved 4599808K, committed 2191360K, used 1319731K [0x00000006e7400000, 0x0000000800000000)
  region size 4096K, 16 young (65536K), 16 survivors (65536K)
 Metaspace       used 97847K, committed 99904K, reserved 1179648K
  class space    used 9993K, committed 10944K, reserved 1048576K
}
Event: 5045,486 GC heap before
{Heap before GC invocations=149 (full 0):
 garbage-first heap   total reserved 4599808K, committed 2191360K, used 2007859K [0x00000006e7400000, 0x0000000800000000)
  region size 4096K, 184 young (753664K), 16 survivors (65536K)
 Metaspace       used 97863K, committed 99904K, reserved 1179648K
  class space    used 9993K, committed 10944K, reserved 1048576K
}
Event: 5045,498 GC heap after
{Heap after GC invocations=150 (full 0):
 garbage-first heap   total reserved 4599808K, committed 2191360K, used 1311616K [0x00000006e7400000, 0x0000000800000000)
  region size 4096K, 10 young (40960K), 10 survivors (40960K)
 Metaspace       used 97863K, committed 99904K, reserved 1179648K
  class space    used 9993K, committed 10944K, reserved 1048576K
}

