# JRE version: OpenJDK Runtime Environment (22.0) (build 22)
# Java VM: OpenJDK 64-Bit Server VM (22, mixed mode, sharing, tiered, compressed oops, compressed class ptrs, g1 gc, linux-amd64)
GC Precious Log:
 CardTable entry size: 512
 Card Set container configuration: InlinePtr #cards 4 size 8 Array Of Cards #cards 64 size 144 Howl #buckets 8 coarsen threshold 14745 Howl Bitmap #cards 2048 size 272 coarsen threshold 1843 Card regions per heap region 1 cards per card region 16384
 CPUs: 10 total, 10 available
 Memory: 24014M
 Large Page Support: Disabled
 NUMA Support: Disabled
 Compressed Oops: Enabled (Zero based)
 Heap Region Size: 8M
 Heap Min Capacity: 8M
 Heap Initial Capacity: 376M
 Heap Max Capacity: 16G
 Pre-touch: Disabled
 Parallel Workers: 9
 Concurrent Workers: 2
 Concurrent Refinement Workers: 9
 Periodic GC: Disabled
Heap:
 garbage-first heap   total reserved 16777216K, committed 1662976K, used 1183905K [0x0000000400000000, 0x0000000800000000)
  region size 8192K, 94 young (770048K), 11 survivors (90112K)
 Metaspace       used 130901K, committed 133120K, reserved 1179648K
  class space    used 17916K, committed 19008K, reserved 1048576K
GC Heap History (20 events):
Event: 10,972 GC heap after
{Heap after GC invocations=41 (full 0):
 garbage-first heap   total reserved 16777216K, committed 417792K, used 154779K [0x0000000400000000, 0x0000000800000000)
  region size 8192K, 2 young (16384K), 2 survivors (16384K)
 Metaspace       used 114930K, committed 117184K, reserved 1179648K
  class space    used 15694K, committed 16768K, reserved 1048576K
}
Event: 11,364 GC heap before
{Heap before GC invocations=41 (full 0):
 garbage-first heap   total reserved 16777216K, committed 417792K, used 351387K [0x0000000400000000, 0x0000000800000000)
  region size 8192K, 27 young (221184K), 2 survivors (16384K)
 Metaspace       used 116465K, committed 118720K, reserved 1179648K
  class space    used 15896K, committed 16960K, reserved 1048576K
}
Event: 11,372 GC heap after
{Heap after GC invocations=42 (full 0):
 garbage-first heap   total reserved 16777216K, committed 417792K, used 185172K [0x0000000400000000, 0x0000000800000000)
  region size 8192K, 4 young (32768K), 4 survivors (32768K)
 Metaspace       used 116465K, committed 118720K, reserved 1179648K
  class space    used 15896K, committed 16960K, reserved 1048576K
}
Event: 11,647 GC heap before
{Heap before GC invocations=42 (full 0):
 garbage-first heap   total reserved 16777216K, committed 417792K, used 340820K [0x0000000400000000, 0x0000000800000000)
  region size 8192K, 24 young (196608K), 4 survivors (32768K)
 Metaspace       used 119870K, committed 122112K, reserved 1179648K
  class space    used 16379K, committed 17472K, reserved 1048576K
}
Event: 11,662 GC heap after
{Heap after GC invocations=43 (full 0):
 garbage-first heap   total reserved 16777216K, committed 442368K, used 230537K [0x0000000400000000, 0x0000000800000000)
  region size 8192K, 3 young (24576K), 3 survivors (24576K)
 Metaspace       used 119870K, committed 122112K, reserved 1179648K
  class space    used 16379K, committed 17472K, reserved 1048576K
}
Event: 11,846 GC heap before
{Heap before GC invocations=43 (full 0):
 garbage-first heap   total reserved 16777216K, committed 442368K, used 353417K [0x0000000400000000, 0x0000000800000000)
  region size 8192K, 19 young (155648K), 3 survivors (24576K)
 Metaspace       used 120164K, committed 122432K, reserved 1179648K
  class space    used 16418K, committed 17472K, reserved 1048576K
}
Event: 11,866 GC heap after
{Heap after GC invocations=44 (full 0):
 garbage-first heap   total reserved 16777216K, committed 442368K, used 279471K [0x0000000400000000, 0x0000000800000000)
  region size 8192K, 3 young (24576K), 3 survivors (24576K)
 Metaspace       used 120164K, committed 122432K, reserved 1179648K
  class space    used 16418K, committed 17472K, reserved 1048576K
}
Event: 11,995 GC heap before
{Heap before GC invocations=44 (full 0):
 garbage-first heap   total reserved 16777216K, committed 442368K, used 353199K [0x0000000400000000, 0x0000000800000000)
  region size 8192K, 13 young (106496K), 3 survivors (24576K)
 Metaspace       used 120241K, committed 122432K, reserved 1179648K
  class space    used 16418K, committed 17472K, reserved 1048576K
}
Event: 12,016 GC heap after
{Heap after GC invocations=45 (full 0):
 garbage-first heap   total reserved 16777216K, committed 655360K, used 303653K [0x0000000400000000, 0x0000000800000000)
  region size 8192K, 2 young (16384K), 2 survivors (16384K)
 Metaspace       used 120241K, committed 122432K, reserved 1179648K
  class space    used 16418K, committed 17472K, reserved 1048576K
}
Event: 12,290 GC heap before
{Heap before GC invocations=46 (full 0):
 garbage-first heap   total reserved 16777216K, committed 655360K, used 516645K [0x0000000400000000, 0x0000000800000000)
  region size 8192K, 26 young (212992K), 2 survivors (16384K)
 Metaspace       used 122710K, committed 124992K, reserved 1179648K
  class space    used 16947K, committed 18048K, reserved 1048576K
}
Event: 12,309 GC heap after
{Heap after GC invocations=47 (full 0):
 garbage-first heap   total reserved 16777216K, committed 655360K, used 334665K [0x0000000400000000, 0x0000000800000000)
  region size 8192K, 4 young (32768K), 4 survivors (32768K)
 Metaspace       used 122710K, committed 124992K, reserved 1179648K
  class space    used 16947K, committed 18048K, reserved 1048576K
}
Event: 12,491 GC heap before
{Heap before GC invocations=47 (full 0):
 garbage-first heap   total reserved 16777216K, committed 655360K, used 514889K [0x0000000400000000, 0x0000000800000000)
  region size 8192K, 27 young (221184K), 4 survivors (32768K)
 Metaspace       used 123309K, committed 125568K, reserved 1179648K
  class space    used 17006K, committed 18112K, reserved 1048576K
}
Event: 12,519 GC heap after
{Heap after GC invocations=48 (full 0):
 garbage-first heap   total reserved 16777216K, committed 655360K, used 374469K [0x0000000400000000, 0x0000000800000000)
  region size 8192K, 4 young (32768K), 4 survivors (32768K)
 Metaspace       used 123309K, committed 125568K, reserved 1179648K
  class space    used 17006K, committed 18112K, reserved 1048576K
}
Event: 12,651 GC heap before
{Heap before GC invocations=48 (full 0):
 garbage-first heap   total reserved 16777216K, committed 655360K, used 521925K [0x0000000400000000, 0x0000000800000000)
  region size 8192K, 23 young (188416K), 4 survivors (32768K)
 Metaspace       used 123427K, committed 125696K, reserved 1179648K
  class space    used 17006K, committed 18112K, reserved 1048576K
}
Event: 12,673 GC heap after
{Heap after GC invocations=49 (full 0):
 garbage-first heap   total reserved 16777216K, committed 655360K, used 428805K [0x0000000400000000, 0x0000000800000000)
  region size 8192K, 3 young (24576K), 3 survivors (24576K)
 Metaspace       used 123427K, committed 125696K, reserved 1179648K
  class space    used 17006K, committed 18112K, reserved 1048576K
}
Event: 12,789 GC heap before
{Heap before GC invocations=49 (full 0):
 garbage-first heap   total reserved 16777216K, committed 655360K, used 543493K [0x0000000400000000, 0x0000000800000000)
  region size 8192K, 18 young (147456K), 3 survivors (24576K)
 Metaspace       used 123537K, committed 125824K, reserved 1179648K
  class space    used 17008K, committed 18112K, reserved 1048576K
}
Event: 12,811 GC heap after
{Heap after GC invocations=50 (full 0):
 garbage-first heap   total reserved 16777216K, committed 655360K, used 483328K [0x0000000400000000, 0x0000000800000000)
  region size 8192K, 3 young (24576K), 3 survivors (24576K)
 Metaspace       used 123537K, committed 125824K, reserved 1179648K
  class space    used 17008K, committed 18112K, reserved 1048576K
}
Event: 13,006 GC heap before
{Heap before GC invocations=51 (full 0):
 garbage-first heap   total reserved 16777216K, committed 811008K, used 573440K [0x0000000400000000, 0x0000000800000000)
  region size 8192K, 14 young (114688K), 3 survivors (24576K)
 Metaspace       used 125041K, committed 127296K, reserved 1179648K
  class space    used 17218K, committed 18304K, reserved 1048576K
}
Event: 13,023 GC heap after
{Heap after GC invocations=52 (full 0):
 garbage-first heap   total reserved 16777216K, committed 1662976K, used 503969K [0x0000000400000000, 0x0000000800000000)
  region size 8192K, 2 young (16384K), 2 survivors (16384K)
 Metaspace       used 125041K, committed 127296K, reserved 1179648K
  class space    used 17218K, committed 18304K, reserved 1048576K
}
Event: 13,853 GC heap before
{Heap before GC invocations=52 (full 0):
 garbage-first heap   total reserved 16777216K, committed 1662976K, used 1175713K [0x0000000400000000, 0x0000000800000000)
  region size 8192K, 85 young (696320K), 2 survivors (16384K)
 Metaspace       used 130901K, committed 133120K, reserved 1179648K
  class space    used 17916K, committed 19008K, reserved 1048576K
}

