# JRE version: OpenJDK Runtime Environment (22.0) (build 22)
# Java VM: OpenJDK 64-Bit Server VM (22, mixed mode, sharing, tiered, compressed oops, compressed class ptrs, g1 gc, linux-amd64)
GC Precious Log:
 CardTable entry size: 512
 Card Set container configuration: InlinePtr #cards 4 size 8 Array Of Cards #cards 32 size 80 Howl #buckets 8 coarsen threshold 7372 Howl Bitmap #cards 1024 size 144 coarsen threshold 921 Card regions per heap region 1 cards per card region 8192
 CPUs: 10 total, 10 available
 Memory: 21998M
 Large Page Support: Disabled
 NUMA Support: Disabled
 Compressed Oops: Enabled (Zero based)
 Heap Region Size: 4M
 Heap Min Capacity: 8M
 Heap Initial Capacity: 344M
 Heap Max Capacity: 5500M
 Pre-touch: Disabled
 Parallel Workers: 9
 Concurrent Workers: 2
 Concurrent Refinement Workers: 9
 Periodic GC: Disabled
Heap:
 garbage-first heap   total reserved 5632000K, committed 1634304K, used 1175125K [0x00000006a8400000, 0x0000000800000000)
  region size 4096K, 58 young (237568K), 17 survivors (69632K)
 Metaspace       used 96240K, committed 97600K, reserved 1179648K
  class space    used 10072K, committed 10752K, reserved 1048576K
GC Heap History (20 events):
Event: 170,342 GC heap before
{Heap before GC invocations=72 (full 0):
 garbage-first heap   total reserved 5632000K, committed 1634304K, used 1504671K [0x00000006a8400000, 0x0000000800000000)
  region size 4096K, 149 young (610304K), 10 survivors (40960K)
 Metaspace       used 95044K, committed 96448K, reserved 1179648K
  class space    used 10050K, committed 10752K, reserved 1048576K
}
Event: 170,351 GC heap after
{Heap after GC invocations=73 (full 0):
 garbage-first heap   total reserved 5632000K, committed 1634304K, used 939880K [0x00000006a8400000, 0x0000000800000000)
  region size 4096K, 11 young (45056K), 11 survivors (45056K)
 Metaspace       used 95044K, committed 96448K, reserved 1179648K
  class space    used 10050K, committed 10752K, reserved 1048576K
}
Event: 189,562 GC heap before
{Heap before GC invocations=74 (full 0):
 garbage-first heap   total reserved 5632000K, committed 1634304K, used 1501032K [0x00000006a8400000, 0x0000000800000000)
  region size 4096K, 148 young (606208K), 11 survivors (45056K)
 Metaspace       used 95086K, committed 96512K, reserved 1179648K
  class space    used 10051K, committed 10752K, reserved 1048576K
}
Event: 189,575 GC heap after
{Heap after GC invocations=75 (full 0):
 garbage-first heap   total reserved 5632000K, committed 1634304K, used 950559K [0x00000006a8400000, 0x0000000800000000)
  region size 4096K, 13 young (53248K), 13 survivors (53248K)
 Metaspace       used 95086K, committed 96512K, reserved 1179648K
  class space    used 10051K, committed 10752K, reserved 1048576K
}
Event: 190,979 GC heap before
{Heap before GC invocations=75 (full 0):
 garbage-first heap   total reserved 5632000K, committed 1634304K, used 1491231K [0x00000006a8400000, 0x0000000800000000)
  region size 4096K, 145 young (593920K), 13 survivors (53248K)
 Metaspace       used 95187K, committed 96576K, reserved 1179648K
  class space    used 10052K, committed 10752K, reserved 1048576K
}
Event: 191,001 GC heap after
{Heap after GC invocations=76 (full 0):
 garbage-first heap   total reserved 5632000K, committed 1634304K, used 958243K [0x00000006a8400000, 0x0000000800000000)
  region size 4096K, 16 young (65536K), 16 survivors (65536K)
 Metaspace       used 95187K, committed 96576K, reserved 1179648K
  class space    used 10052K, committed 10752K, reserved 1048576K
}
Event: 192,362 GC heap before
{Heap before GC invocations=76 (full 0):
 garbage-first heap   total reserved 5632000K, committed 1634304K, used 1482531K [0x00000006a8400000, 0x0000000800000000)
  region size 4096K, 144 young (589824K), 16 survivors (65536K)
 Metaspace       used 95262K, committed 96640K, reserved 1179648K
  class space    used 10052K, committed 10752K, reserved 1048576K
}
Event: 192,374 GC heap after
{Heap after GC invocations=77 (full 0):
 garbage-first heap   total reserved 5632000K, committed 1634304K, used 956834K [0x00000006a8400000, 0x0000000800000000)
  region size 4096K, 10 young (40960K), 10 survivors (40960K)
 Metaspace       used 95262K, committed 96640K, reserved 1179648K
  class space    used 10052K, committed 10752K, reserved 1048576K
}
Event: 193,950 GC heap before
{Heap before GC invocations=78 (full 0):
 garbage-first heap   total reserved 5632000K, committed 1634304K, used 1505698K [0x00000006a8400000, 0x0000000800000000)
  region size 4096K, 144 young (589824K), 10 survivors (40960K)
 Metaspace       used 95365K, committed 96768K, reserved 1179648K
  class space    used 10055K, committed 10752K, reserved 1048576K
}
Event: 193,962 GC heap after
{Heap after GC invocations=79 (full 0):
 garbage-first heap   total reserved 5632000K, committed 1634304K, used 959991K [0x00000006a8400000, 0x0000000800000000)
  region size 4096K, 11 young (45056K), 11 survivors (45056K)
 Metaspace       used 95365K, committed 96768K, reserved 1179648K
  class space    used 10055K, committed 10752K, reserved 1048576K
}
Event: 195,079 GC heap before
{Heap before GC invocations=79 (full 0):
 garbage-first heap   total reserved 5632000K, committed 1634304K, used 1500663K [0x00000006a8400000, 0x0000000800000000)
  region size 4096K, 143 young (585728K), 11 survivors (45056K)
 Metaspace       used 95472K, committed 96832K, reserved 1179648K
  class space    used 10056K, committed 10752K, reserved 1048576K
}
Event: 195,098 GC heap after
{Heap after GC invocations=80 (full 0):
 garbage-first heap   total reserved 5632000K, committed 1634304K, used 959694K [0x00000006a8400000, 0x0000000800000000)
  region size 4096K, 12 young (49152K), 12 survivors (49152K)
 Metaspace       used 95472K, committed 96832K, reserved 1179648K
  class space    used 10056K, committed 10752K, reserved 1048576K
}
Event: 315,850 GC heap before
{Heap before GC invocations=80 (full 0):
 garbage-first heap   total reserved 5632000K, committed 1634304K, used 1496270K [0x00000006a8400000, 0x0000000800000000)
  region size 4096K, 143 young (585728K), 12 survivors (49152K)
 Metaspace       used 95798K, committed 97216K, reserved 1179648K
  class space    used 10067K, committed 10752K, reserved 1048576K
}
Event: 315,858 GC heap after
{Heap after GC invocations=81 (full 0):
 garbage-first heap   total reserved 5632000K, committed 1634304K, used 947239K [0x00000006a8400000, 0x0000000800000000)
  region size 4096K, 7 young (28672K), 7 survivors (28672K)
 Metaspace       used 95798K, committed 97216K, reserved 1179648K
  class space    used 10067K, committed 10752K, reserved 1048576K
}
Event: 428,434 GC heap before
{Heap before GC invocations=82 (full 0):
 garbage-first heap   total reserved 5632000K, committed 1634304K, used 1516583K [0x00000006a8400000, 0x0000000800000000)
  region size 4096K, 146 young (598016K), 7 survivors (28672K)
 Metaspace       used 96039K, committed 97408K, reserved 1179648K
  class space    used 10072K, committed 10752K, reserved 1048576K
}
Event: 428,442 GC heap after
{Heap after GC invocations=83 (full 0):
 garbage-first heap   total reserved 5632000K, committed 1634304K, used 954965K [0x00000006a8400000, 0x0000000800000000)
  region size 4096K, 9 young (36864K), 9 survivors (36864K)
 Metaspace       used 96039K, committed 97408K, reserved 1179648K
  class space    used 10072K, committed 10752K, reserved 1048576K
}
Event: 452,167 GC heap before
{Heap before GC invocations=83 (full 0):
 garbage-first heap   total reserved 5632000K, committed 1634304K, used 1507925K [0x00000006a8400000, 0x0000000800000000)
  region size 4096K, 144 young (589824K), 9 survivors (36864K)
 Metaspace       used 96135K, committed 97536K, reserved 1179648K
  class space    used 10072K, committed 10752K, reserved 1048576K
}
Event: 452,186 GC heap after
{Heap after GC invocations=84 (full 0):
 garbage-first heap   total reserved 5632000K, committed 1634304K, used 973067K [0x00000006a8400000, 0x0000000800000000)
  region size 4096K, 16 young (65536K), 16 survivors (65536K)
 Metaspace       used 96135K, committed 97536K, reserved 1179648K
  class space    used 10072K, committed 10752K, reserved 1048576K
}
Event: 453,478 GC heap before
{Heap before GC invocations=84 (full 0):
 garbage-first heap   total reserved 5632000K, committed 1634304K, used 1472779K [0x00000006a8400000, 0x0000000800000000)
  region size 4096K, 139 young (569344K), 16 survivors (65536K)
 Metaspace       used 96219K, committed 97600K, reserved 1179648K
  class space    used 10072K, committed 10752K, reserved 1048576K
}
Event: 453,503 GC heap after
{Heap after GC invocations=85 (full 0):
 garbage-first heap   total reserved 5632000K, committed 1634304K, used 1011285K [0x00000006a8400000, 0x0000000800000000)
  region size 4096K, 17 young (69632K), 17 survivors (69632K)
 Metaspace       used 96219K, committed 97600K, reserved 1179648K
  class space    used 10072K, committed 10752K, reserved 1048576K
}

