# JRE version: OpenJDK Runtime Environment (22.0) (build 22)
# Java VM: OpenJDK 64-Bit Server VM (22, mixed mode, sharing, tiered, compressed oops, compressed class ptrs, g1 gc, linux-amd64)
GC Precious Log:
 CardTable entry size: 512
 Card Set container configuration: InlinePtr #cards 4 size 8 Array Of Cards #cards 32 size 80 Howl #buckets 8 coarsen threshold 7372 Howl Bitmap #cards 1024 size 144 coarsen threshold 921 Card regions per heap region 1 cards per card region 8192
 CPUs: 10 total, 10 available
 Memory: 17966M
 Large Page Support: Disabled
 NUMA Support: Disabled
 Compressed Oops: Enabled (Zero based)
 Heap Region Size: 4M
 Heap Min Capacity: 8M
 Heap Initial Capacity: 284M
 Heap Max Capacity: 4492M
 Pre-touch: Disabled
 Parallel Workers: 9
 Concurrent Workers: 2
 Concurrent Refinement Workers: 9
 Periodic GC: Disabled
Heap:
 garbage-first heap   total reserved 4599808K, committed 98304K, used 81920K [0x00000006e7400000, 0x0000000800000000)
  region size 4096K, 11 young (45056K), 2 survivors (8192K)
 Metaspace       used 49277K, committed 50048K, reserved 1114112K
  class space    used 5949K, committed 6336K, reserved 1048576K
GC Heap History (19 events):
Event: 0,315 GC heap before
{Heap before GC invocations=0 (full 0):
 garbage-first heap   total reserved 4599808K, committed 294912K, used 29729K [0x00000006e7400000, 0x0000000800000000)
  region size 4096K, 6 young (24576K), 0 survivors (0K)
 Metaspace       used 7221K, committed 7424K, reserved 1114112K
  class space    used 753K, committed 832K, reserved 1048576K
}
Event: 0,320 GC heap after
{Heap after GC invocations=1 (full 0):
 garbage-first heap   total reserved 4599808K, committed 294912K, used 7815K [0x00000006e7400000, 0x0000000800000000)
  region size 4096K, 1 young (4096K), 1 survivors (4096K)
 Metaspace       used 7221K, committed 7424K, reserved 1114112K
  class space    used 753K, committed 832K, reserved 1048576K
}
Event: 0,748 GC heap before
{Heap before GC invocations=1 (full 0):
 garbage-first heap   total reserved 4599808K, committed 294912K, used 44679K [0x00000006e7400000, 0x0000000800000000)
  region size 4096K, 10 young (40960K), 1 survivors (4096K)
 Metaspace       used 15826K, committed 16064K, reserved 1114112K
  class space    used 1842K, committed 1984K, reserved 1048576K
}
Event: 0,752 GC heap after
{Heap after GC invocations=2 (full 0):
 garbage-first heap   total reserved 4599808K, committed 294912K, used 9304K [0x00000006e7400000, 0x0000000800000000)
  region size 4096K, 2 young (8192K), 2 survivors (8192K)
 Metaspace       used 15826K, committed 16064K, reserved 1114112K
  class space    used 1842K, committed 1984K, reserved 1048576K
}
Event: 0,901 GC heap before
{Heap before GC invocations=2 (full 0):
 garbage-first heap   total reserved 4599808K, committed 294912K, used 21592K [0x00000006e7400000, 0x0000000800000000)
  region size 4096K, 6 young (24576K), 2 survivors (8192K)
 Metaspace       used 21264K, committed 21504K, reserved 1114112K
  class space    used 2811K, committed 2944K, reserved 1048576K
}
Event: 0,907 GC heap after
{Heap after GC invocations=3 (full 0):
 garbage-first heap   total reserved 4599808K, committed 294912K, used 10279K [0x00000006e7400000, 0x0000000800000000)
  region size 4096K, 2 young (8192K), 2 survivors (8192K)
 Metaspace       used 21264K, committed 21504K, reserved 1114112K
  class space    used 2811K, committed 2944K, reserved 1048576K
}
Event: 1,135 GC heap before
{Heap before GC invocations=4 (full 0):
 garbage-first heap   total reserved 4599808K, committed 57344K, used 51239K [0x00000006e7400000, 0x0000000800000000)
  region size 4096K, 12 young (49152K), 2 survivors (8192K)
 Metaspace       used 25874K, committed 26112K, reserved 1114112K
  class space    used 3506K, committed 3584K, reserved 1048576K
}
Event: 1,149 GC heap after
{Heap after GC invocations=5 (full 0):
 garbage-first heap   total reserved 4599808K, committed 73728K, used 19489K [0x00000006e7400000, 0x0000000800000000)
  region size 4096K, 4 young (16384K), 4 survivors (16384K)
 Metaspace       used 25874K, committed 26112K, reserved 1114112K
  class space    used 3506K, committed 3584K, reserved 1048576K
}
Event: 1,316 GC heap before
{Heap before GC invocations=5 (full 0):
 garbage-first heap   total reserved 4599808K, committed 73728K, used 44065K [0x00000006e7400000, 0x0000000800000000)
  region size 4096K, 10 young (40960K), 4 survivors (16384K)
 Metaspace       used 30053K, committed 30272K, reserved 1114112K
  class space    used 3925K, committed 4032K, reserved 1048576K
}
Event: 1,329 GC heap after
{Heap after GC invocations=6 (full 0):
 garbage-first heap   total reserved 4599808K, committed 73728K, used 21984K [0x00000006e7400000, 0x0000000800000000)
  region size 4096K, 1 young (4096K), 1 survivors (4096K)
 Metaspace       used 30053K, committed 30272K, reserved 1114112K
  class space    used 3925K, committed 4032K, reserved 1048576K
}
Event: 1,631 GC heap before
{Heap before GC invocations=6 (full 0):
 garbage-first heap   total reserved 4599808K, committed 73728K, used 50656K [0x00000006e7400000, 0x0000000800000000)
  region size 4096K, 9 young (36864K), 1 survivors (4096K)
 Metaspace       used 35366K, committed 36096K, reserved 1114112K
  class space    used 4570K, committed 4928K, reserved 1048576K
}
Event: 1,636 GC heap after
{Heap after GC invocations=7 (full 0):
 garbage-first heap   total reserved 4599808K, committed 106496K, used 23075K [0x00000006e7400000, 0x0000000800000000)
  region size 4096K, 2 young (8192K), 2 survivors (8192K)
 Metaspace       used 35366K, committed 36096K, reserved 1114112K
  class space    used 4570K, committed 4928K, reserved 1048576K
}
Event: 2,189 GC heap before
{Heap before GC invocations=8 (full 0):
 garbage-first heap   total reserved 4599808K, committed 98304K, used 76323K [0x00000006e7400000, 0x0000000800000000)
  region size 4096K, 15 young (61440K), 2 survivors (8192K)
 Metaspace       used 40884K, committed 41664K, reserved 1114112K
  class space    used 5189K, committed 5568K, reserved 1048576K
}
Event: 2,199 GC heap after
{Heap after GC invocations=9 (full 0):
 garbage-first heap   total reserved 4599808K, committed 98304K, used 30867K [0x00000006e7400000, 0x0000000800000000)
  region size 4096K, 2 young (8192K), 2 survivors (8192K)
 Metaspace       used 40884K, committed 41664K, reserved 1114112K
  class space    used 5189K, committed 5568K, reserved 1048576K
}
Event: 2,709 GC heap before
{Heap before GC invocations=9 (full 0):
 garbage-first heap   total reserved 4599808K, committed 98304K, used 71827K [0x00000006e7400000, 0x0000000800000000)
  region size 4096K, 12 young (49152K), 2 survivors (8192K)
 Metaspace       used 45320K, committed 46144K, reserved 1114112K
  class space    used 5639K, committed 6016K, reserved 1048576K
}
Event: 2,722 GC heap after
{Heap after GC invocations=10 (full 0):
 garbage-first heap   total reserved 4599808K, committed 98304K, used 37358K [0x00000006e7400000, 0x0000000800000000)
  region size 4096K, 2 young (8192K), 2 survivors (8192K)
 Metaspace       used 45320K, committed 46144K, reserved 1114112K
  class space    used 5639K, committed 6016K, reserved 1048576K
}
Event: 3,456 GC heap before
{Heap before GC invocations=10 (full 0):
 garbage-first heap   total reserved 4599808K, committed 98304K, used 78318K [0x00000006e7400000, 0x0000000800000000)
  region size 4096K, 12 young (49152K), 2 survivors (8192K)
 Metaspace       used 48868K, committed 49664K, reserved 1114112K
  class space    used 5935K, committed 6336K, reserved 1048576K
}
Event: 3,469 GC heap after
{Heap after GC invocations=11 (full 0):
 garbage-first heap   total reserved 4599808K, committed 98304K, used 45056K [0x00000006e7400000, 0x0000000800000000)
  region size 4096K, 2 young (8192K), 2 survivors (8192K)
 Metaspace       used 48868K, committed 49664K, reserved 1114112K
  class space    used 5935K, committed 6336K, reserved 1048576K
}
Event: 3,787 GC heap before
{Heap before GC invocations=11 (full 0):
 garbage-first heap   total reserved 4599808K, committed 98304K, used 81920K [0x00000006e7400000, 0x0000000800000000)
  region size 4096K, 11 young (45056K), 2 survivors (8192K)
 Metaspace       used 49277K, committed 50048K, reserved 1114112K
  class space    used 5949K, committed 6336K, reserved 1048576K
}

